  [1m[36m (160.5ms)[0m  [1mCREATE TABLE "schema_migrations" ("version" varchar NOT NULL) [0m
  [1m[35m (0.2ms)[0m  select sqlite_version(*)
  [1m[36m (109.6ms)[0m  [1mCREATE UNIQUE INDEX "unique_schema_migrations" ON "schema_migrations" ("version")[0m
  [1m[35mActiveRecord::SchemaMigration Load (0.2ms)[0m  SELECT "schema_migrations".* FROM "schema_migrations"
Migrating to DeviseCreateUsers (20140224203310)
  [1m[36m (0.0ms)[0m  [1mbegin transaction[0m
DEPRECATION WARNING: `#timestamp` was called without specifying an option for `null`. In Rails 5, this behavior will change to `null: false`. You should manually specify `null: true` to prevent the behavior of your existing migrations from changing. (called from block in change at /home/xef/Akademia/test/db/migrate/20140224203310_devise_create_users.rb:34)
  [1m[35m (0.3ms)[0m  CREATE TABLE "users" ("id" INTEGER PRIMARY KEY AUTOINCREMENT NOT NULL, "email" varchar DEFAULT '' NOT NULL, "encrypted_password" varchar DEFAULT '' NOT NULL, "reset_password_token" varchar, "reset_password_sent_at" datetime, "remember_created_at" datetime, "sign_in_count" integer DEFAULT 0 NOT NULL, "current_sign_in_at" datetime, "last_sign_in_at" datetime, "current_sign_in_ip" varchar, "last_sign_in_ip" varchar, "created_at" datetime, "updated_at" datetime) 
  [1m[36m (0.2ms)[0m  [1mCREATE UNIQUE INDEX "index_users_on_email" ON "users" ("email")[0m
  [1m[35m (0.1ms)[0m              SELECT sql
            FROM sqlite_master
            WHERE name='index_users_on_email' AND type='index'
            UNION ALL
            SELECT sql
            FROM sqlite_temp_master
            WHERE name='index_users_on_email' AND type='index'

  [1m[36m (0.1ms)[0m  [1mCREATE UNIQUE INDEX "index_users_on_reset_password_token" ON "users" ("reset_password_token")[0m
  [1m[35mSQL (0.1ms)[0m  INSERT INTO "schema_migrations" ("version") VALUES (?)  [["version", "20140224203310"]]
  [1m[36m (141.3ms)[0m  [1mcommit transaction[0m
Migrating to AddNameToUsers (20140224203311)
  [1m[35m (0.2ms)[0m  begin transaction
  [1m[36m (0.6ms)[0m  [1mALTER TABLE "users" ADD "name" varchar[0m
  [1m[35mSQL (0.5ms)[0m  INSERT INTO "schema_migrations" ("version") VALUES (?)  [["version", "20140224203311"]]
  [1m[36m (151.1ms)[0m  [1mcommit transaction[0m
  [1m[35mActiveRecord::SchemaMigration Load (0.1ms)[0m  SELECT "schema_migrations".* FROM "schema_migrations"
  [1m[36m (0.1ms)[0m  [1m            SELECT sql
            FROM sqlite_master
            WHERE name='index_users_on_reset_password_token' AND type='index'
            UNION ALL
            SELECT sql
            FROM sqlite_temp_master
            WHERE name='index_users_on_reset_password_token' AND type='index'
[0m
  [1m[35m (0.1ms)[0m              SELECT sql
            FROM sqlite_master
            WHERE name='index_users_on_email' AND type='index'
            UNION ALL
            SELECT sql
            FROM sqlite_temp_master
            WHERE name='index_users_on_email' AND type='index'

  [1m[36mActiveRecord::SchemaMigration Load (0.1ms)[0m  [1mSELECT "schema_migrations".* FROM "schema_migrations"[0m
  [1m[35mUser Load (0.1ms)[0m  SELECT  "users".* FROM "users" WHERE "users"."email" = ? LIMIT 1  [["email", "user@example.com"]]
  [1m[36m (0.1ms)[0m  [1mbegin transaction[0m
  [1m[35mUser Exists (0.1ms)[0m  SELECT  1 AS one FROM "users" WHERE "users"."email" = 'user@example.com' LIMIT 1
  [1m[36mSQL (0.2ms)[0m  [1mINSERT INTO "users" ("email", "encrypted_password", "created_at", "updated_at") VALUES (?, ?, ?, ?)[0m  [["email", "user@example.com"], ["encrypted_password", "$2a$10$svOJxmkMJ53pJXFmKj2.c.iN7ahG/5mjvvcJ6bNMMQ5JWmWGyEQ8i"], ["created_at", "2015-01-30 10:51:56.478193"], ["updated_at", "2015-01-30 10:51:56.478193"]]
  [1m[35m (142.4ms)[0m  commit transaction


Started GET "/" for 127.0.0.1 at 2015-01-30 11:53:12 +0100
  [1m[36mActiveRecord::SchemaMigration Load (0.1ms)[0m  [1mSELECT "schema_migrations".* FROM "schema_migrations"[0m
Processing by VisitorsController#index as HTML
  [1m[35m (0.1ms)[0m  SELECT COUNT(*) FROM "users"
  Rendered visitors/index.html.erb within layouts/application (3.4ms)
  Rendered layouts/_navigation_links.html.erb (7.1ms)
  Rendered layouts/_navigation.html.erb (8.6ms)
  Rendered layouts/_messages.html.erb (0.5ms)
Completed 200 OK in 2940ms (Views: 2924.4ms | ActiveRecord: 0.2ms)


Started GET "/" for 127.0.0.1 at 2015-01-30 11:53:15 +0100
Processing by VisitorsController#index as HTML
  [1m[36m (0.2ms)[0m  [1mSELECT COUNT(*) FROM "users"[0m
  Rendered visitors/index.html.erb within layouts/application (1.3ms)
  Rendered layouts/_navigation_links.html.erb (0.5ms)
  Rendered layouts/_navigation.html.erb (1.2ms)
  Rendered layouts/_messages.html.erb (0.1ms)
Completed 200 OK in 107ms (Views: 106.4ms | ActiveRecord: 0.2ms)


Started GET "/users/sign_in" for 127.0.0.1 at 2015-01-30 11:53:20 +0100
Processing by Devise::SessionsController#new as HTML
  Rendered devise/sessions/new.html.erb within layouts/application (297.7ms)
  Rendered layouts/_navigation_links.html.erb (0.3ms)
  Rendered layouts/_navigation.html.erb (1.2ms)
  Rendered layouts/_messages.html.erb (0.1ms)
Completed 200 OK in 398ms (Views: 386.2ms | ActiveRecord: 0.3ms)


Started POST "/users/sign_in" for 127.0.0.1 at 2015-01-30 11:53:26 +0100
Processing by Devise::SessionsController#create as HTML
  Parameters: {"utf8"=>"✓", "authenticity_token"=>"hNFFqx5V2b7equXFiFiBi2Spuw5amt4oljbFFxJyFA8n9s85M0ExwLdCKOqyt2ZWxizW7HSyZ7PxJo20KLRVmw==", "user"=>{"email"=>"user@example.com", "password"=>"[FILTERED]", "remember_me"=>"0"}, "commit"=>"Sign in"}
  [1m[35mUser Load (0.2ms)[0m  SELECT  "users".* FROM "users" WHERE "users"."email" = ?  ORDER BY "users"."id" ASC LIMIT 1  [["email", "user@example.com"]]
Completed 401 Unauthorized in 75ms
Processing by Devise::SessionsController#new as HTML
  Parameters: {"utf8"=>"✓", "authenticity_token"=>"hNFFqx5V2b7equXFiFiBi2Spuw5amt4oljbFFxJyFA8n9s85M0ExwLdCKOqyt2ZWxizW7HSyZ7PxJo20KLRVmw==", "user"=>{"email"=>"user@example.com", "password"=>"[FILTERED]", "remember_me"=>"0"}, "commit"=>"Sign in"}
  Rendered devise/sessions/new.html.erb within layouts/application (6.1ms)
  Rendered layouts/_navigation_links.html.erb (0.2ms)
  Rendered layouts/_navigation.html.erb (1.0ms)
  Rendered layouts/_messages.html.erb (0.1ms)
Completed 200 OK in 169ms (Views: 102.9ms | ActiveRecord: 0.0ms)


Started POST "/users/sign_in" for 127.0.0.1 at 2015-01-30 11:53:35 +0100
Processing by Devise::SessionsController#create as HTML
  Parameters: {"utf8"=>"✓", "authenticity_token"=>"+3h2lAJUqYL4lnjrn9v/FQFi7HKctWnAL9sArVkziNNYX/wGL0BB/JF+tcSlNBjIo+eBkLKd0FtIy0gOY/XJRw==", "user"=>{"email"=>"user@example.com", "password"=>"[FILTERED]", "remember_me"=>"0"}, "commit"=>"Sign in"}
  [1m[36mUser Load (0.2ms)[0m  [1mSELECT  "users".* FROM "users" WHERE "users"."email" = ?  ORDER BY "users"."id" ASC LIMIT 1[0m  [["email", "user@example.com"]]
  [1m[35m (0.1ms)[0m  begin transaction
  [1m[36mSQL (0.2ms)[0m  [1mUPDATE "users" SET "last_sign_in_at" = ?, "current_sign_in_at" = ?, "last_sign_in_ip" = ?, "current_sign_in_ip" = ?, "sign_in_count" = ?, "updated_at" = ? WHERE "users"."id" = ?[0m  [["last_sign_in_at", "2015-01-30 10:53:35.763685"], ["current_sign_in_at", "2015-01-30 10:53:35.763685"], ["last_sign_in_ip", "127.0.0.1"], ["current_sign_in_ip", "127.0.0.1"], ["sign_in_count", 1], ["updated_at", "2015-01-30 10:53:35.764892"], ["id", 1]]
  [1m[35m (154.7ms)[0m  commit transaction
Redirected to http://localhost:3000/
Completed 302 Found in 246ms (ActiveRecord: 155.3ms)


Started GET "/" for 127.0.0.1 at 2015-01-30 11:53:35 +0100
Processing by VisitorsController#index as HTML
  [1m[36m (0.3ms)[0m  [1mSELECT COUNT(*) FROM "users"[0m
  Rendered visitors/index.html.erb within layouts/application (1.7ms)
  [1m[35mUser Load (0.2ms)[0m  SELECT  "users".* FROM "users" WHERE "users"."id" = ?  ORDER BY "users"."id" ASC LIMIT 1  [["id", 1]]
  Rendered layouts/_navigation_links.html.erb (1.1ms)
  Rendered layouts/_navigation.html.erb (1.8ms)
  Rendered layouts/_messages.html.erb (0.1ms)
Completed 200 OK in 111ms (Views: 110.1ms | ActiveRecord: 0.5ms)


Started GET "/" for 127.0.0.1 at 2015-01-30 11:54:54 +0100
Processing by VisitorsController#index as HTML
  [1m[36m (0.1ms)[0m  [1mSELECT COUNT(*) FROM "users"[0m
  Rendered visitors/index.html.erb within layouts/application (1.0ms)
  [1m[35mUser Load (0.1ms)[0m  SELECT  "users".* FROM "users" WHERE "users"."id" = ?  ORDER BY "users"."id" ASC LIMIT 1  [["id", 1]]
  Rendered layouts/_navigation_links.html.erb (1.2ms)
  Rendered layouts/_navigation.html.erb (2.5ms)
  Rendered layouts/_messages.html.erb (0.3ms)
Completed 200 OK in 72ms (Views: 71.8ms | ActiveRecord: 0.2ms)


Started GET "/users" for 127.0.0.1 at 2015-01-30 11:54:55 +0100
Processing by UsersController#index as HTML
  [1m[36mUser Load (0.2ms)[0m  [1mSELECT  "users".* FROM "users" WHERE "users"."id" = ?  ORDER BY "users"."id" ASC LIMIT 1[0m  [["id", 1]]
  [1m[35mUser Load (0.1ms)[0m  SELECT "users".* FROM "users"
  Rendered users/_user.html.erb (0.5ms)
  Rendered users/index.html.erb within layouts/application (2.2ms)
  Rendered layouts/_navigation_links.html.erb (0.2ms)
  Rendered layouts/_navigation.html.erb (1.1ms)
  Rendered layouts/_messages.html.erb (0.1ms)
Completed 200 OK in 80ms (Views: 76.9ms | ActiveRecord: 0.3ms)


Started GET "/users/1" for 127.0.0.1 at 2015-01-30 11:54:57 +0100
Processing by UsersController#show as HTML
  Parameters: {"id"=>"1"}
  [1m[36mUser Load (0.2ms)[0m  [1mSELECT  "users".* FROM "users" WHERE "users"."id" = ?  ORDER BY "users"."id" ASC LIMIT 1[0m  [["id", 1]]
  [1m[35mUser Load (0.1ms)[0m  SELECT  "users".* FROM "users" WHERE "users"."id" = ? LIMIT 1  [["id", 1]]
  Rendered users/show.html.erb within layouts/application (0.3ms)
  Rendered layouts/_navigation_links.html.erb (0.2ms)
  Rendered layouts/_navigation.html.erb (1.1ms)
  Rendered layouts/_messages.html.erb (0.1ms)
Completed 200 OK in 87ms (Views: 82.2ms | ActiveRecord: 0.3ms)


Started GET "/users/edit" for 127.0.0.1 at 2015-01-30 11:54:58 +0100
Processing by Devise::RegistrationsController#edit as HTML
  [1m[36mUser Load (0.2ms)[0m  [1mSELECT  "users".* FROM "users" WHERE "users"."id" = ?  ORDER BY "users"."id" ASC LIMIT 1[0m  [["id", 1]]
  Rendered devise/registrations/edit.html.erb within layouts/application (5.8ms)
  Rendered layouts/_navigation_links.html.erb (0.2ms)
  Rendered layouts/_navigation.html.erb (1.1ms)
  Rendered layouts/_messages.html.erb (0.1ms)
Completed 200 OK in 89ms (Views: 86.8ms | ActiveRecord: 0.2ms)


Started GET "/users" for 127.0.0.1 at 2015-01-30 11:55:06 +0100
Processing by UsersController#index as HTML
  [1m[35mUser Load (0.2ms)[0m  SELECT  "users".* FROM "users" WHERE "users"."id" = ?  ORDER BY "users"."id" ASC LIMIT 1  [["id", 1]]
  [1m[36mUser Load (0.3ms)[0m  [1mSELECT "users".* FROM "users"[0m
  Rendered users/_user.html.erb (0.3ms)
  Rendered users/index.html.erb within layouts/application (3.3ms)
  Rendered layouts/_navigation_links.html.erb (0.2ms)
  Rendered layouts/_navigation.html.erb (1.1ms)
  Rendered layouts/_messages.html.erb (0.1ms)
Completed 200 OK in 83ms (Views: 80.2ms | ActiveRecord: 0.5ms)


Started GET "/users/edit" for 127.0.0.1 at 2015-01-30 11:55:07 +0100
Processing by Devise::RegistrationsController#edit as HTML
  [1m[35mUser Load (0.2ms)[0m  SELECT  "users".* FROM "users" WHERE "users"."id" = ?  ORDER BY "users"."id" ASC LIMIT 1  [["id", 1]]
  Rendered devise/registrations/edit.html.erb within layouts/application (4.9ms)
  Rendered layouts/_navigation_links.html.erb (0.2ms)
  Rendered layouts/_navigation.html.erb (1.1ms)
  Rendered layouts/_messages.html.erb (0.1ms)
Completed 200 OK in 78ms (Views: 75.4ms | ActiveRecord: 0.2ms)


Started GET "/" for 127.0.0.1 at 2015-01-30 11:55:08 +0100
Processing by VisitorsController#index as HTML
  [1m[36m (0.1ms)[0m  [1mSELECT COUNT(*) FROM "users"[0m
  Rendered visitors/index.html.erb within layouts/application (0.7ms)
  [1m[35mUser Load (0.1ms)[0m  SELECT  "users".* FROM "users" WHERE "users"."id" = ?  ORDER BY "users"."id" ASC LIMIT 1  [["id", 1]]
  Rendered layouts/_navigation_links.html.erb (1.1ms)
  Rendered layouts/_navigation.html.erb (1.9ms)
  Rendered layouts/_messages.html.erb (0.1ms)
Completed 200 OK in 79ms (Views: 77.9ms | ActiveRecord: 0.2ms)


Started GET "/" for 127.0.0.1 at 2015-01-30 12:23:43 +0100
  [1m[36mActiveRecord::SchemaMigration Load (0.1ms)[0m  [1mSELECT "schema_migrations".* FROM "schema_migrations"[0m
Processing by VisitorsController#index as HTML
  [1m[35m (0.1ms)[0m  SELECT COUNT(*) FROM "users"
  Rendered visitors/index.html.erb within layouts/application (2.9ms)
  [1m[36mUser Load (0.2ms)[0m  [1mSELECT  "users".* FROM "users" WHERE "users"."id" = ?  ORDER BY "users"."id" ASC LIMIT 1[0m  [["id", 1]]
  Rendered layouts/_navigation_links.html.erb (14.8ms)
  Rendered layouts/_navigation.html.erb (16.1ms)
  Rendered layouts/_messages.html.erb (0.5ms)
Completed 200 OK in 250ms (Views: 234.3ms | ActiveRecord: 0.6ms)
  [1m[36mActiveRecord::SchemaMigration Load (0.2ms)[0m  [1mSELECT "schema_migrations".* FROM "schema_migrations"[0m
  [1m[35mActiveRecord::SchemaMigration Load (0.1ms)[0m  SELECT "schema_migrations".* FROM "schema_migrations"
  [1m[36m (0.2ms)[0m  [1m            SELECT sql
            FROM sqlite_master
            WHERE name='index_users_on_reset_password_token' AND type='index'
            UNION ALL
            SELECT sql
            FROM sqlite_temp_master
            WHERE name='index_users_on_reset_password_token' AND type='index'
[0m
  [1m[35m (0.2ms)[0m              SELECT sql
            FROM sqlite_master
            WHERE name='index_users_on_email' AND type='index'
            UNION ALL
            SELECT sql
            FROM sqlite_temp_master
            WHERE name='index_users_on_email' AND type='index'

  [1m[36mActiveRecord::SchemaMigration Load (0.2ms)[0m  [1mSELECT "schema_migrations".* FROM "schema_migrations"[0m
  [1m[35mUser Load (0.4ms)[0m  SELECT  "users".* FROM "users" WHERE "users"."email" = ? LIMIT 1  [["email", "user@example.com"]]


Started GET "/" for 127.0.0.1 at 2015-02-25 12:09:37 +0100
  [1m[36mActiveRecord::SchemaMigration Load (0.3ms)[0m  [1mSELECT "schema_migrations".* FROM "schema_migrations"[0m
Processing by VisitorsController#index as HTML
  [1m[35m (0.3ms)[0m  SELECT COUNT(*) FROM "users"
  Rendered visitors/index.html.erb within layouts/application (7.0ms)
  Rendered layouts/_navigation_links.html.erb (18.0ms)
  Rendered layouts/_navigation.html.erb (20.8ms)
  Rendered layouts/_messages.html.erb (0.9ms)
Completed 200 OK in 6934ms (Views: 6895.8ms | ActiveRecord: 0.6ms)


Started GET "/" for 127.0.0.1 at 2015-02-25 12:09:49 +0100
Processing by VisitorsController#index as HTML
  [1m[36m (0.3ms)[0m  [1mSELECT COUNT(*) FROM "users"[0m
  Rendered visitors/index.html.erb within layouts/application (2.1ms)
  Rendered layouts/_navigation_links.html.erb (1.5ms)
  Rendered layouts/_navigation.html.erb (4.6ms)
  Rendered layouts/_messages.html.erb (0.9ms)
Completed 200 OK in 216ms (Views: 214.8ms | ActiveRecord: 0.3ms)


Started GET "/users/sign_in" for 127.0.0.1 at 2015-02-25 12:09:50 +0100
Processing by Devise::SessionsController#new as HTML
  Rendered devise/sessions/new.html.erb within layouts/application (796.0ms)
  Rendered layouts/_navigation_links.html.erb (0.6ms)
  Rendered layouts/_navigation.html.erb (2.5ms)
  Rendered layouts/_messages.html.erb (0.1ms)
Completed 200 OK in 1014ms (Views: 990.9ms | ActiveRecord: 0.7ms)


Started GET "/users/sign_up" for 127.0.0.1 at 2015-02-25 12:09:53 +0100
Processing by Devise::RegistrationsController#new as HTML
  Rendered devise/registrations/new.html.erb within layouts/application (16.6ms)
  Rendered layouts/_navigation_links.html.erb (0.7ms)
  Rendered layouts/_navigation.html.erb (2.9ms)
  Rendered layouts/_messages.html.erb (0.1ms)
Completed 200 OK in 206ms (Views: 203.9ms | ActiveRecord: 0.0ms)


Started GET "/users/sign_in" for 127.0.0.1 at 2015-02-25 12:09:54 +0100
Processing by Devise::SessionsController#new as HTML
  Rendered devise/sessions/new.html.erb within layouts/application (19.5ms)
  Rendered layouts/_navigation_links.html.erb (0.7ms)
  Rendered layouts/_navigation.html.erb (2.8ms)
  Rendered layouts/_messages.html.erb (0.2ms)
Completed 200 OK in 216ms (Views: 214.0ms | ActiveRecord: 0.0ms)


Started GET "/" for 127.0.0.1 at 2015-02-25 12:09:55 +0100
Processing by VisitorsController#index as HTML
  [1m[35m (0.3ms)[0m  SELECT COUNT(*) FROM "users"
  Rendered visitors/index.html.erb within layouts/application (2.6ms)
  Rendered layouts/_navigation_links.html.erb (0.7ms)
  Rendered layouts/_navigation.html.erb (3.1ms)
  Rendered layouts/_messages.html.erb (0.2ms)
Completed 200 OK in 196ms (Views: 192.7ms | ActiveRecord: 0.3ms)


Started GET "/users/sign_in" for 127.0.0.1 at 2015-02-25 12:09:57 +0100
Processing by Devise::SessionsController#new as HTML
  Rendered devise/sessions/new.html.erb within layouts/application (16.7ms)
  Rendered layouts/_navigation_links.html.erb (0.6ms)
  Rendered layouts/_navigation.html.erb (2.5ms)
  Rendered layouts/_messages.html.erb (0.1ms)
Completed 200 OK in 214ms (Views: 212.5ms | ActiveRecord: 0.0ms)


Started POST "/users/sign_in" for 127.0.0.1 at 2015-02-25 12:10:10 +0100
Processing by Devise::SessionsController#create as HTML
  Parameters: {"utf8"=>"✓", "authenticity_token"=>"lku+t0jSjDX2ncCqtPqtYXcS09h3LFQmReN1sQ4zK/3Pf1veMiNHCGqUkyUWPWmc0s7++J5cOd0AAjtzRYmKoA==", "user"=>{"email"=>"user@example.com", "password"=>"[FILTERED]", "remember_me"=>"0"}, "commit"=>"Sign in"}
  [1m[36mUser Load (0.6ms)[0m  [1mSELECT  "users".* FROM "users" WHERE "users"."email" = ?  ORDER BY "users"."id" ASC LIMIT 1[0m  [["email", "user@example.com"]]
  [1m[35m (0.2ms)[0m  begin transaction
  [1m[36mSQL (0.6ms)[0m  [1mUPDATE "users" SET "current_sign_in_at" = ?, "sign_in_count" = ?, "updated_at" = ? WHERE "users"."id" = ?[0m  [["current_sign_in_at", "2015-02-25 11:10:10.827553"], ["sign_in_count", 2], ["updated_at", "2015-02-25 11:10:10.830544"], ["id", 1]]
  [1m[35m (222.9ms)[0m  commit transaction
Redirected to http://localhost:3000/
Completed 302 Found in 409ms (ActiveRecord: 224.2ms)


Started GET "/" for 127.0.0.1 at 2015-02-25 12:10:11 +0100
Processing by VisitorsController#index as HTML
  [1m[36m (0.2ms)[0m  [1mSELECT COUNT(*) FROM "users"[0m
  Rendered visitors/index.html.erb within layouts/application (1.7ms)
  [1m[35mUser Load (0.3ms)[0m  SELECT  "users".* FROM "users" WHERE "users"."id" = ?  ORDER BY "users"."id" ASC LIMIT 1  [["id", 1]]
  Rendered layouts/_navigation_links.html.erb (2.2ms)
  Rendered layouts/_navigation.html.erb (4.3ms)
  Rendered layouts/_messages.html.erb (0.2ms)
Completed 200 OK in 199ms (Views: 197.2ms | ActiveRecord: 0.6ms)


Started GET "/" for 127.0.0.1 at 2015-02-25 12:44:10 +0100
Processing by VisitorsController#index as HTML
  [1m[36m (0.2ms)[0m  [1mSELECT COUNT(*) FROM "users"[0m
  Rendered visitors/index.html.erb within layouts/application (1.6ms)
  [1m[35mUser Load (0.2ms)[0m  SELECT  "users".* FROM "users" WHERE "users"."id" = ?  ORDER BY "users"."id" ASC LIMIT 1  [["id", 1]]
  Rendered layouts/_navigation_links.html.erb (2.0ms)
  Rendered layouts/_navigation.html.erb (4.7ms)
  Rendered layouts/_messages.html.erb (0.1ms)
Completed 200 OK in 319ms (Views: 317.9ms | ActiveRecord: 0.4ms)


Started GET "/users" for 127.0.0.1 at 2015-02-25 12:44:13 +0100
Processing by UsersController#index as HTML
  [1m[36mUser Load (0.2ms)[0m  [1mSELECT  "users".* FROM "users" WHERE "users"."id" = ?  ORDER BY "users"."id" ASC LIMIT 1[0m  [["id", 1]]
  [1m[35mUser Load (0.3ms)[0m  SELECT "users".* FROM "users"
  Rendered users/_user.html.erb (2.9ms)
  Rendered users/index.html.erb within layouts/application (8.7ms)
  Rendered layouts/_navigation_links.html.erb (2.1ms)
  Rendered layouts/_navigation.html.erb (4.6ms)
  Rendered layouts/_messages.html.erb (0.2ms)
Completed 200 OK in 264ms (Views: 260.0ms | ActiveRecord: 0.5ms)


Started GET "/users" for 127.0.0.1 at 2015-02-26 00:50:50 +0100
Processing by UsersController#index as HTML
  [1m[36mUser Load (170.5ms)[0m  [1mSELECT  "users".* FROM "users" WHERE "users"."id" = ?  ORDER BY "users"."id" ASC LIMIT 1[0m  [["id", 1]]
  [1m[35mUser Load (14.2ms)[0m  SELECT "users".* FROM "users"
  Rendered users/_user.html.erb (105.4ms)
  Rendered users/index.html.erb within layouts/application (351.3ms)
  Rendered layouts/_navigation_links.html.erb (13.7ms)
  Rendered layouts/_navigation.html.erb (16.4ms)
  Rendered layouts/_messages.html.erb (21.6ms)
Completed 200 OK in 8489ms (Views: 7616.5ms | ActiveRecord: 184.7ms)


Started GET "/" for 127.0.0.1 at 2015-02-26 01:30:39 +0100
Processing by VisitorsController#index as HTML
  [1m[36m (25.5ms)[0m  [1mSELECT COUNT(*) FROM "users"[0m
  Rendered visitors/index.html.erb within layouts/application (108.8ms)
  [1m[35mUser Load (0.3ms)[0m  SELECT  "users".* FROM "users" WHERE "users"."id" = ?  ORDER BY "users"."id" ASC LIMIT 1  [["id", 1]]
  Rendered layouts/_navigation_links.html.erb (2.4ms)
  Rendered layouts/_navigation.html.erb (5.1ms)
  Rendered layouts/_messages.html.erb (0.3ms)
Completed 200 OK in 2492ms (Views: 2465.4ms | ActiveRecord: 25.9ms)


Started GET "/users/edit" for 127.0.0.1 at 2015-02-26 01:30:41 +0100
Processing by Devise::RegistrationsController#edit as HTML
  [1m[36mUser Load (0.2ms)[0m  [1mSELECT  "users".* FROM "users" WHERE "users"."id" = ?  ORDER BY "users"."id" ASC LIMIT 1[0m  [["id", 1]]
  Rendered devise/registrations/edit.html.erb within layouts/application (1348.9ms)
  Rendered layouts/_navigation_links.html.erb (3.0ms)
  Rendered layouts/_navigation.html.erb (6.6ms)
  Rendered layouts/_messages.html.erb (0.3ms)
Completed 200 OK in 3109ms (Views: 2935.0ms | ActiveRecord: 0.2ms)


Started GET "/users/edit" for 127.0.0.1 at 2015-02-26 16:40:55 +0100
  [1m[36mActiveRecord::SchemaMigration Load (0.3ms)[0m  [1mSELECT "schema_migrations".* FROM "schema_migrations"[0m
Processing by Devise::RegistrationsController#edit as HTML
  [1m[35mUser Load (0.5ms)[0m  SELECT  "users".* FROM "users" WHERE "users"."id" = ?  ORDER BY "users"."id" ASC LIMIT 1  [["id", 1]]
  Rendered devise/registrations/edit.html.erb within layouts/application (1580.7ms)
  Rendered layouts/_navigation_links.html.erb (1.7ms)
  Rendered layouts/_navigation.html.erb (5.6ms)
  Rendered layouts/_messages.html.erb (1.1ms)
Completed 200 OK in 3127ms (Views: 2993.9ms | ActiveRecord: 1.4ms)
  [1m[36mActiveRecord::SchemaMigration Load (0.2ms)[0m  [1mSELECT "schema_migrations".* FROM "schema_migrations"[0m
  [1m[35mActiveRecord::SchemaMigration Load (0.2ms)[0m  SELECT "schema_migrations".* FROM "schema_migrations"
  [1m[36m (0.2ms)[0m  [1m            SELECT sql
            FROM sqlite_master
            WHERE name='index_users_on_reset_password_token' AND type='index'
            UNION ALL
            SELECT sql
            FROM sqlite_temp_master
            WHERE name='index_users_on_reset_password_token' AND type='index'
[0m
  [1m[35m (0.2ms)[0m              SELECT sql
            FROM sqlite_master
            WHERE name='index_users_on_email' AND type='index'
            UNION ALL
            SELECT sql
            FROM sqlite_temp_master
            WHERE name='index_users_on_email' AND type='index'

  [1m[36mActiveRecord::SchemaMigration Load (0.2ms)[0m  [1mSELECT "schema_migrations".* FROM "schema_migrations"[0m
Migrating to AddAgeToUsers (20150228011153)
  [1m[35m (0.2ms)[0m  begin transaction
  [1m[36m (0.9ms)[0m  [1mALTER TABLE "users" ADD "age" int[0m
  [1m[35mSQL (0.4ms)[0m  INSERT INTO "schema_migrations" ("version") VALUES (?)  [["version", "20150228011153"]]
  [1m[36m (70.1ms)[0m  [1mcommit transaction[0m
  [1m[35mActiveRecord::SchemaMigration Load (0.2ms)[0m  SELECT "schema_migrations".* FROM "schema_migrations"
  [1m[36m (0.3ms)[0m  [1m            SELECT sql
            FROM sqlite_master
            WHERE name='index_users_on_reset_password_token' AND type='index'
            UNION ALL
            SELECT sql
            FROM sqlite_temp_master
            WHERE name='index_users_on_reset_password_token' AND type='index'
[0m
  [1m[35m (0.2ms)[0m              SELECT sql
            FROM sqlite_master
            WHERE name='index_users_on_email' AND type='index'
            UNION ALL
            SELECT sql
            FROM sqlite_temp_master
            WHERE name='index_users_on_email' AND type='index'

